::1 - - [03/May/2024:10:08:00 +0000] "GET /api/v1/posts HTTP/1.1" 200 510
::1 - - [03/May/2024:12:12:30 +0000] "POST /api/v1/users/register HTTP/1.1" 401 134
::1 - - [03/May/2024:12:12:38 +0000] "POST /api/v1/users/register HTTP/1.1" 200 155
::1 - - [03/May/2024:12:27:12 +0000] "GET /api/v1/users/login HTTP/1.1" 404 157
::1 - - [03/May/2024:12:27:36 +0000] "GET /api/v1/users/register HTTP/1.1" 404 160
::1 - - [03/May/2024:12:27:48 +0000] "POST /api/v1/users/login HTTP/1.1" 200 701
::1 - - [03/May/2024:12:29:49 +0000] "POST /api/v1/posts HTTP/1.1" 400 324
::1 - - [03/May/2024:12:35:34 +0000] "POST /api/v1/posts HTTP/1.1" 200 74
::1 - - [03/May/2024:12:47:25 +0000] "GET /api/v1/posts HTTP/1.1" 200 756
::1 - - [03/May/2024:12:47:49 +0000] "DELETE /api/v1/posts/6634a7c8ce2cec11c416128e HTTP/1.1" 200 336
::1 - - [03/May/2024:12:49:34 +0000] "GET /api/v1/posts/6634a7c8ce2cec11c416128e HTTP/1.1" 404 176
::1 - - [03/May/2024:12:49:45 +0000] "PATCH /api/v1/posts/6634a7c8ce2cec11c416128e HTTP/1.1" 200 74
::1 - - [03/May/2024:12:58:10 +0000] "GET /api/v1/comments HTTP/1.1" 200 521
::1 - - [03/May/2024:12:59:21 +0000] "DELETE /api/v1/comments/6634a7e8ce2cec11c4161291 HTTP/1.1" 401 93
::1 - - [03/May/2024:13:01:12 +0000] "POST /api/v1/comments HTTP/1.1" 401 93
::1 - - [03/May/2024:13:02:57 +0000] "PATCH /api/v1/comments/6634a7e8ce2cec11c4161291 HTTP/1.1" 401 93
::1 - - [03/May/2024:13:03:27 +0000] "POST /api/v1/comments HTTP/1.1" 401 93
::1 - - [03/May/2024:13:03:37 +0000] "POST /api/v1/comments HTTP/1.1" 401 93
::1 - - [03/May/2024:13:03:41 +0000] "POST /api/v1/users/login HTTP/1.1" 200 701
::1 - - [03/May/2024:13:03:54 +0000] "POST /api/v1/comments HTTP/1.1" 200 74
::1 - - [03/May/2024:13:04:02 +0000] "GET /api/v1/comments HTTP/1.1" 200 745
::1 - - [03/May/2024:13:04:17 +0000] "GET /api/v1/comments HTTP/1.1" 200 745
